Base path: C:/Program Files/Unity/Hub/Editor/2018.2.10f1/Editor/Data
Cmd: initializeCompiler
Cmd: preprocess
  insize=575 outsize=572 ok=1
Cmd: preprocess
  insize=1553 outsize=655 ok=1
Cmd: initializeCompiler
Cmd: initializeCompiler
Cmd: initializeCompiler
Cmd: initializeCompiler
Cmd: initializeCompiler
Cmd: preprocess
  insize=599 outsize=596 ok=1
Cmd: preprocess
  insize=595 outsize=592 ok=1
Cmd: preprocess
  insize=598 outsize=595 ok=1
Cmd: preprocess
  insize=575 outsize=572 ok=1
Cmd: preprocess
  insize=577 outsize=574 ok=1
Cmd: preprocess
  insize=572 outsize=569 ok=1
Cmd: preprocess
  insize=571 outsize=568 ok=1
Cmd: preprocess
  insize=995 outsize=226 ok=1
Cmd: compileSnippet
  api=4 type=0 insize=1207 outsize=690 kw= pd=UNITY_ENABLE_REFLECTION_BUFFERS UNITY_USE_DITHER_MASK_FOR_ALPHABLENDED_SHADOWS UNITY_PBS_USE_BRDF1 UNITY_SPECCUBE_BOX_PROJECTION UNITY_SPECCUBE_BLENDING UNITY_ENABLE_DETAIL_NORMALMAP SHADER_API_DESKTOP UNITY_COLORSPACE_GAMMA UNITY_LIGHT_PROBE_PROXY_VOLUME UNITY_LIGHTMAP_FULL_HDR ok=1
Cmd: compileSnippet
  api=4 type=1 insize=1207 outsize=298 kw= pd=UNITY_ENABLE_REFLECTION_BUFFERS UNITY_USE_DITHER_MASK_FOR_ALPHABLENDED_SHADOWS UNITY_PBS_USE_BRDF1 UNITY_SPECCUBE_BOX_PROJECTION UNITY_SPECCUBE_BLENDING UNITY_ENABLE_DETAIL_NORMALMAP SHADER_API_DESKTOP UNITY_COLORSPACE_GAMMA UNITY_LIGHT_PROBE_PROXY_VOLUME UNITY_LIGHTMAP_FULL_HDR ok=1
Cmd: preprocess
  insize=996 outsize=227 ok=1
Cmd: preprocess
  insize=575 outsize=572 ok=1
Cmd: preprocess
  insize=995 outsize=226 ok=1
Cmd: preprocess
  insize=1015 outsize=246 ok=1
Cmd: preprocess
  insize=1016 outsize=247 ok=1
Cmd: preprocess
  insize=1019 outsize=250 ok=1
Cmd: preprocess
  insize=1023 outsize=254 ok=1
Cmd: preprocess
  insize=1019 outsize=250 ok=1
Cmd: preprocess
  insize=994 outsize=225 ok=1
Cmd: preprocess
  insize=995 outsize=226 ok=1
Cmd: preprocess
  insize=1053 outsize=284 ok=1
Cmd: preprocess
  insize=1045 outsize=276 ok=1
Cmd: preprocess
  insize=1046 outsize=277 ok=1
Cmd: preprocess
  insize=523 outsize=520 ok=1
Cmd: preprocess
  insize=519 outsize=516 ok=1
Cmd: preprocess
  insize=575 outsize=572 ok=1
Cmd: preprocess
  insize=548 outsize=545 ok=1
Cmd: preprocess
  insize=575 outsize=572 ok=1
